<?xml version="1.0" encoding="UTF-8"?>
<testsuites>
  <testsuite id="0" name="/projects/challenge/test/admin.test.js" errors="0" package="/projects/challenge/test/admin.test.js" hostname="localhost" tests="24" failures="0" time="4.646" timestamp="2024-12-03T16:57:07">
    <properties>
    </properties>
    <testcase classname="Admin successful login" name="Admin successful login" time="0">
    </testcase>
    <testcase classname="Admin unsuccessful login" name="Admin unsuccessful login" time="0">
    </testcase>
    <testcase classname="Admin adding a new player" name="Admin adding a new player" time="0">
    </testcase>
    <testcase classname="Admin adding a new player with invalid name" name="Admin adding a new player with invalid name" time="0">
    </testcase>
    <testcase classname="Admin adding a new player with invalid age" name="Admin adding a new player with invalid age" time="0">
    </testcase>
    <testcase classname="Admin adding a new player with invalid type" name="Admin adding a new player with invalid type" time="0">
    </testcase>
    <testcase classname="Admin adding a new player with invalid bats option" name="Admin adding a new player with invalid bats option" time="0">
    </testcase>
    <testcase classname="Admin adding a new player with invalid bowl option" name="Admin adding a new player with invalid bowl option" time="0">
    </testcase>
    <testcase classname="Admin adding a new player with invalid bowling style option" name="Admin adding a new player with invalid bowling style option" time="0">
    </testcase>
    <testcase classname="Viewing a player profile" name="Viewing a player profile" time="0">
    </testcase>
    <testcase classname="Updating player details" name="Updating player details" time="0">
    </testcase>
    <testcase classname="Deleting a player" name="Deleting a player" time="0">
    </testcase>
    <testcase classname="Viewing players of a team" name="Viewing players of a team" time="0">
    </testcase>
    <testcase classname="Updating an sold detail in auction" name="Updating an sold detail in auction" time="0">
    </testcase>
    <testcase classname="Bidding a player" name="Bidding a player" time="0">
    </testcase>
    <testcase classname="Bidding a player" name="Bidding a player" time="0">
    </testcase>
    <testcase classname="Bidding a player" name="Bidding a player" time="0">
    </testcase>
    <testcase classname="Bidding a player" name="Bidding a player" time="0">
    </testcase>
    <testcase classname="Bidding a player" name="Bidding a player" time="0">
    </testcase>
    <testcase classname="Displaying player for auction" name="Displaying player for auction" time="0">
    </testcase>
    <testcase classname="Displaying player for auction" name="Displaying player for auction" time="0">
    </testcase>
    <testcase classname="Displaying player for auction" name="Displaying player for auction" time="0">
    </testcase>
    <testcase classname="Displaying player for auction" name="Displaying player for auction" time="0">
    </testcase>
    <testcase classname="Displaying player for auction" name="Displaying player for auction" time="0">
    </testcase>
    <system-out/>
    <system-err/>
  </testsuite>
</testsuites>